<?xml version="1.0" encoding="utf-8"?><testsuites name="pytest tests"><testsuite name="pytest" errors="0" failures="0" skipped="0" tests="35" time="30.894" timestamp="2026-04-30T15:05:03.930345+00:00" hostname="agent-env-1893aba9-cb00-4889-849c-62f5d3bac6bb"><testcase classname="backend.tests.test_iteration4.TestRBAC" name="test_list_roles_returns_10_sorted" time="0.924" /><testcase classname="backend.tests.test_iteration4.TestRBAC" name="test_get_role_by_id" time="0.165" /><testcase classname="backend.tests.test_iteration4.TestRBAC" name="test_modules_endpoint" time="0.051" /><testcase classname="backend.tests.test_iteration4.TestRBAC" name="test_update_role_non_locked_ok" time="0.176" /><testcase classname="backend.tests.test_iteration4.TestRBAC" name="test_update_locked_super_admin_forbidden" time="0.103" /><testcase classname="backend.tests.test_iteration4.TestRBAC" name="test_create_role_blank" time="0.106" /><testcase classname="backend.tests.test_iteration4.TestRBAC" name="test_create_role_from_template" time="0.176" /><testcase classname="backend.tests.test_iteration4.TestRBAC" name="test_duplicate_role" time="0.176" /><testcase classname="backend.tests.test_iteration4.TestRBAC" name="test_delete_role_locked_forbidden" time="0.112" /><testcase classname="backend.tests.test_iteration4.TestRBAC" name="test_delete_non_locked_ok" time="0.152" /><testcase classname="backend.tests.test_iteration4.TestRBAC" name="test_audit_log" time="0.150" /><testcase classname="backend.tests.test_iteration4.TestSearch" name="test_search_apex_mixed" time="0.054" /><testcase classname="backend.tests.test_iteration4.TestSearch" name="test_search_empty_query" time="0.047" /><testcase classname="backend.tests.test_iteration4.TestReports" name="test_report_base[day-pl]" time="0.050" /><testcase classname="backend.tests.test_iteration4.TestReports" name="test_report_base[day-sales]" time="0.052" /><testcase classname="backend.tests.test_iteration4.TestReports" name="test_report_base[day-expenses]" time="0.059" /><testcase classname="backend.tests.test_iteration4.TestReports" name="test_report_base[day-stock]" time="0.053" /><testcase classname="backend.tests.test_iteration4.TestReports" name="test_report_base[week-pl]" time="0.054" /><testcase classname="backend.tests.test_iteration4.TestReports" name="test_report_base[week-sales]" time="0.049" /><testcase classname="backend.tests.test_iteration4.TestReports" name="test_report_base[week-expenses]" time="0.052" /><testcase classname="backend.tests.test_iteration4.TestReports" name="test_report_base[week-stock]" time="0.049" /><testcase classname="backend.tests.test_iteration4.TestReports" name="test_report_base[month-pl]" time="0.048" /><testcase classname="backend.tests.test_iteration4.TestReports" name="test_report_base[month-sales]" time="0.047" /><testcase classname="backend.tests.test_iteration4.TestReports" name="test_report_base[month-expenses]" time="0.055" /><testcase classname="backend.tests.test_iteration4.TestReports" name="test_report_base[month-stock]" time="0.051" /><testcase classname="backend.tests.test_iteration4.TestReports" name="test_report_base[all-pl]" time="0.050" /><testcase classname="backend.tests.test_iteration4.TestReports" name="test_report_base[all-sales]" time="0.054" /><testcase classname="backend.tests.test_iteration4.TestReports" name="test_report_base[all-expenses]" time="0.053" /><testcase classname="backend.tests.test_iteration4.TestReports" name="test_report_base[all-stock]" time="0.056" /><testcase classname="backend.tests.test_iteration4.TestReports" name="test_report_unknown_kind" time="0.049" /><testcase classname="backend.tests.test_iteration4.TestReports" name="test_report_summary_has_bullets[pl]" time="8.420" /><testcase classname="backend.tests.test_iteration4.TestReports" name="test_report_summary_has_bullets[sales]" time="5.477" /><testcase classname="backend.tests.test_iteration4.TestReports" name="test_report_summary_has_bullets[expenses]" time="6.916" /><testcase classname="backend.tests.test_iteration4.TestReports" name="test_report_summary_has_bullets[stock]" time="6.659" /><testcase classname="backend.tests.test_iteration4.TestReports" name="test_report_export_csv" time="0.072" /></testsuite></testsuites>