<?xml version="1.0" encoding="utf-8"?><testsuites name="pytest tests"><testsuite name="pytest" errors="0" failures="1" skipped="0" tests="10" time="20.270" timestamp="2026-04-29T07:03:52.428465+00:00" hostname="agent-env-1893aba9-cb00-4889-849c-62f5d3bac6bb"><testcase classname="backend.tests.test_iteration3.TestBriefing" name="test_briefing_shape" time="10.113" /><testcase classname="backend.tests.test_iteration3.TestBriefing" name="test_briefing_unauth" time="0.046" /><testcase classname="backend.tests.test_iteration3.TestDraftReminder" name="test_draft_reminder_valid_invoice" time="4.803" /><testcase classname="backend.tests.test_iteration3.TestDraftReminder" name="test_draft_reminder_unknown_invoice_404" time="0.050" /><testcase classname="backend.tests.test_iteration3.TestDataQuery" name="test_data_query_returns_answer" time="4.724" /><testcase classname="backend.tests.test_iteration3.TestAnomalies" name="test_anomalies_shape" time="0.059" /><testcase classname="backend.tests.test_iteration3.TestPredictStockout" name="test_predict_stockout_shape" time="0.061" /><testcase classname="backend.tests.test_iteration3.TestMigrationSources" name="test_sources_returns_8" time="0.047" /><testcase classname="backend.tests.test_iteration3.TestMigrationUploadFlow" name="test_upload_csv_then_import" time="0.056"><failure message="AssertionError: {&quot;detail&quot;:[{&quot;type&quot;:&quot;missing&quot;,&quot;loc&quot;:[&quot;body&quot;,&quot;file&quot;],&quot;msg&quot;:&quot;Field required&quot;,&quot;input&quot;:null,&quot;url&quot;:&quot;https://errors.pydantic.dev/2.12/v/missing&quot;}]}&#10;assert 422 == 200&#10; +  where 422 = &lt;Response [422]&gt;.status_code">backend/tests/test_iteration3.py:172: in test_upload_csv_then_import
    assert r.status_code == 200, r.text
E   AssertionError: {"detail":[{"type":"missing","loc":["body","file"],"msg":"Field required","input":null,"url":"https://errors.pydantic.dev/2.12/v/missing"}]}
E   assert 422 == 200
E    +  where 422 = &lt;Response [422]&gt;.status_code</failure></testcase><testcase classname="backend.tests.test_iteration3.TestMigrationUploadFlow" name="test_import_unknown_id_returns_404" time="0.045" /></testsuite></testsuites>