<?xml version="1.0" encoding="utf-8"?><testsuites name="pytest tests"><testsuite name="pytest" errors="0" failures="0" skipped="0" tests="5" time="14.800" timestamp="2026-05-02T16:30:58.793529+00:00" hostname="agent-env-1893aba9-cb00-4889-849c-62f5d3bac6bb"><testcase classname="backend.tests.test_iteration5.TestBudgets" name="test_get_budgets_returns_list" time="14.130" /><testcase classname="backend.tests.test_iteration5.TestBudgets" name="test_create_budget_and_persists" time="0.172" /><testcase classname="backend.tests.test_iteration5.TestBudgets" name="test_create_budget_without_actual_defaults_to_zero" time="0.095" /><testcase classname="backend.tests.test_iteration5.TestBudgets" name="test_delete_budget_removes_it" time="0.189" /><testcase classname="backend.tests.test_iteration5.TestBudgets" name="test_create_budget_validation_rejects_missing_fields" time="0.048" /></testsuite></testsuites>