<?xml version="1.0" encoding="utf-8"?><testsuites name="pytest tests"><testsuite name="pytest" errors="0" failures="0" skipped="0" tests="17" time="3.238" timestamp="2026-05-02T16:56:35.059188+00:00" hostname="agent-env-1893aba9-cb00-4889-849c-62f5d3bac6bb"><testcase classname="backend.tests.test_iteration7_calendar_crud.TestCreateCustomEvent" name="test_create_returns_cust_prefix_and_appears_in_get" time="0.517" /><testcase classname="backend.tests.test_iteration7_calendar_crud.TestGetIncludesCustom" name="test_get_returns_custom_with_editable_flag" time="0.160" /><testcase classname="backend.tests.test_iteration7_calendar_crud.TestUpdateCustomEvent" name="test_update_custom_persists" time="0.200" /><testcase classname="backend.tests.test_iteration7_calendar_crud.TestUpdateCustomEvent" name="test_update_nonexistent_custom_returns_404" time="0.052" /><testcase classname="backend.tests.test_iteration7_calendar_crud.TestComputedRejection" name="test_put_computed_rejected_with_400[gst-3b]" time="0.048" /><testcase classname="backend.tests.test_iteration7_calendar_crud.TestComputedRejection" name="test_put_computed_rejected_with_400[stock-low]" time="0.048" /><testcase classname="backend.tests.test_iteration7_calendar_crud.TestComputedRejection" name="test_delete_computed_rejected_with_400[gst-3b]" time="0.051" /><testcase classname="backend.tests.test_iteration7_calendar_crud.TestComputedRejection" name="test_delete_computed_rejected_with_400[stock-low]" time="0.052" /><testcase classname="backend.tests.test_iteration7_calendar_crud.TestUpdateAggregated" name="test_update_invoice_via_calendar" time="0.248" /><testcase classname="backend.tests.test_iteration7_calendar_crud.TestUpdateAggregated" name="test_update_payable_via_calendar" time="0.206" /><testcase classname="backend.tests.test_iteration7_calendar_crud.TestUpdateAggregated" name="test_update_approval_via_calendar" time="0.110" /><testcase classname="backend.tests.test_iteration7_calendar_crud.TestUpdateAggregated" name="test_update_po_via_calendar" time="0.182" /><testcase classname="backend.tests.test_iteration7_calendar_crud.TestDelete" name="test_delete_custom_removes" time="0.160" /><testcase classname="backend.tests.test_iteration7_calendar_crud.TestDelete" name="test_delete_invoice_clears_due_date_only" time="0.781" /><testcase classname="backend.tests.test_iteration7_calendar_crud.TestDelete" name="test_delete_unauth_returns_401" time="0.105" /><testcase classname="backend.tests.test_iteration7_calendar_crud.TestAuthGuard" name="test_post_requires_auth" time="0.106" /><testcase classname="backend.tests.test_iteration7_calendar_crud.TestAuthGuard" name="test_put_requires_auth" time="0.143" /></testsuite></testsuites>