<?xml version="1.0" encoding="utf-8"?><testsuites name="pytest tests"><testsuite name="pytest" errors="0" failures="0" skipped="0" tests="11" time="1.532" timestamp="2026-04-29T06:16:19.413134+00:00" hostname="agent-env-1893aba9-cb00-4889-849c-62f5d3bac6bb"><testcase classname="backend.tests.test_iteration2.TestForecast" name="test_forecast_shape" time="0.539" /><testcase classname="backend.tests.test_iteration2.TestForecast" name="test_forecast_unauth" time="0.053" /><testcase classname="backend.tests.test_iteration2.TestAutoPO" name="test_auto_po_creates_drafts" time="0.273" /><testcase classname="backend.tests.test_iteration2.TestDrilldown" name="test_drilldown_with_items_and_groups[revenue]" time="0.063" /><testcase classname="backend.tests.test_iteration2.TestDrilldown" name="test_drilldown_with_items_and_groups[expenses]" time="0.056" /><testcase classname="backend.tests.test_iteration2.TestDrilldown" name="test_drilldown_with_items_and_groups[stock-value]" time="0.053" /><testcase classname="backend.tests.test_iteration2.TestDrilldown" name="test_drilldown_with_items_and_groups[low-stock]" time="0.052" /><testcase classname="backend.tests.test_iteration2.TestDrilldown" name="test_drilldown_with_items_and_groups[receivables]" time="0.054" /><testcase classname="backend.tests.test_iteration2.TestDrilldown" name="test_drilldown_profit" time="0.054" /><testcase classname="backend.tests.test_iteration2.TestDrilldown" name="test_drilldown_unknown_returns_404" time="0.054" /><testcase classname="backend.tests.test_iteration2.TestDrilldown" name="test_drilldown_unauth" time="0.051" /></testsuite></testsuites>