<?xml version="1.0" encoding="utf-8"?><testsuites name="pytest tests"><testsuite name="pytest" errors="0" failures="0" skipped="0" tests="9" time="0.924" timestamp="2026-05-02T16:42:11.849990+00:00" hostname="agent-env-1893aba9-cb00-4889-849c-62f5d3bac6bb"><testcase classname="backend.tests.test_iteration6_calendar.TestCalendarEvents" name="test_basic_aggregation_returns_events" time="0.486" /><testcase classname="backend.tests.test_iteration6_calendar.TestCalendarEvents" name="test_event_schema_fields" time="0.046" /><testcase classname="backend.tests.test_iteration6_calendar.TestCalendarEvents" name="test_types_present" time="0.046" /><testcase classname="backend.tests.test_iteration6_calendar.TestCalendarEvents" name="test_sorted_by_date_asc" time="0.046" /><testcase classname="backend.tests.test_iteration6_calendar.TestCalendarEvents" name="test_date_window_tight_reduces_count" time="0.090" /><testcase classname="backend.tests.test_iteration6_calendar.TestCalendarEvents" name="test_date_window_future_returns_only_future" time="0.044" /><testcase classname="backend.tests.test_iteration6_calendar.TestCalendarEvents" name="test_requires_auth" time="0.002" /><testcase classname="backend.tests.test_iteration6_calendar.TestRegression" name="test_budgets_list" time="0.043" /><testcase classname="backend.tests.test_iteration6_calendar.TestRegression" name="test_invoices_list" time="0.044" /></testsuite></testsuites>