<?xml version="1.0" encoding="utf-8"?><testsuites name="pytest tests"><testsuite name="pytest" errors="0" failures="0" skipped="0" tests="44" time="29.876" timestamp="2026-04-29T07:04:29.760585+00:00" hostname="agent-env-1893aba9-cb00-4889-849c-62f5d3bac6bb"><testcase classname="backend.tests.backend_test.TestAuth" name="test_root" time="0.146" /><testcase classname="backend.tests.backend_test.TestAuth" name="test_login_success" time="0.270" /><testcase classname="backend.tests.backend_test.TestAuth" name="test_login_invalid" time="0.272" /><testcase classname="backend.tests.backend_test.TestAuth" name="test_me_with_token" time="0.321" /><testcase classname="backend.tests.backend_test.TestAuth" name="test_me_without_token" time="0.046" /><testcase classname="backend.tests.backend_test.TestDashboard" name="test_dashboard_payload" time="0.048" /><testcase classname="backend.tests.backend_test.TestInventory" name="test_list_products" time="0.050" /><testcase classname="backend.tests.backend_test.TestInventory" name="test_warehouses" time="0.051" /><testcase classname="backend.tests.backend_test.TestInventory" name="test_suppliers" time="0.046" /><testcase classname="backend.tests.backend_test.TestInventory" name="test_alerts" time="0.049" /><testcase classname="backend.tests.backend_test.TestInventory" name="test_create_product_persist_and_stock_moves" time="0.391" /><testcase classname="backend.tests.backend_test.TestInventory" name="test_purchase_orders_flow" time="0.238" /><testcase classname="backend.tests.backend_test.TestFinance" name="test_list_invoices" time="0.050" /><testcase classname="backend.tests.backend_test.TestFinance" name="test_create_invoice_and_mark_paid_and_remind" time="0.192" /><testcase classname="backend.tests.backend_test.TestFinance" name="test_expenses" time="0.142" /><testcase classname="backend.tests.backend_test.TestFinance" name="test_receivables" time="0.046" /><testcase classname="backend.tests.backend_test.TestFinance" name="test_payables" time="0.051" /><testcase classname="backend.tests.backend_test.TestFinance" name="test_banking" time="0.049" /><testcase classname="backend.tests.backend_test.TestFinance" name="test_gst" time="0.046" /><testcase classname="backend.tests.backend_test.TestFinance" name="test_budgets" time="0.060" /><testcase classname="backend.tests.backend_test.TestMisc" name="test_ai_insights_returns_string" time="8.743" /><testcase classname="backend.tests.backend_test.TestMisc" name="test_approvals_decision" time="0.151" /><testcase classname="backend.tests.backend_test.TestMisc" name="test_notifications" time="0.047" /><testcase classname="backend.tests.test_iteration2.TestForecast" name="test_forecast_shape" time="0.418" /><testcase classname="backend.tests.test_iteration2.TestForecast" name="test_forecast_unauth" time="0.042" /><testcase classname="backend.tests.test_iteration2.TestAutoPO" name="test_auto_po_creates_drafts" time="0.214" /><testcase classname="backend.tests.test_iteration2.TestDrilldown" name="test_drilldown_with_items_and_groups[revenue]" time="0.047" /><testcase classname="backend.tests.test_iteration2.TestDrilldown" name="test_drilldown_with_items_and_groups[expenses]" time="0.046" /><testcase classname="backend.tests.test_iteration2.TestDrilldown" name="test_drilldown_with_items_and_groups[stock-value]" time="0.044" /><testcase classname="backend.tests.test_iteration2.TestDrilldown" name="test_drilldown_with_items_and_groups[low-stock]" time="0.045" /><testcase classname="backend.tests.test_iteration2.TestDrilldown" name="test_drilldown_with_items_and_groups[receivables]" time="0.044" /><testcase classname="backend.tests.test_iteration2.TestDrilldown" name="test_drilldown_profit" time="0.084" /><testcase classname="backend.tests.test_iteration2.TestDrilldown" name="test_drilldown_unknown_returns_404" time="0.081" /><testcase classname="backend.tests.test_iteration2.TestDrilldown" name="test_drilldown_unauth" time="0.040" /><testcase classname="backend.tests.test_iteration3.TestBriefing" name="test_briefing_shape" time="7.274" /><testcase classname="backend.tests.test_iteration3.TestBriefing" name="test_briefing_unauth" time="0.053" /><testcase classname="backend.tests.test_iteration3.TestDraftReminder" name="test_draft_reminder_valid_invoice" time="5.400" /><testcase classname="backend.tests.test_iteration3.TestDraftReminder" name="test_draft_reminder_unknown_invoice_404" time="0.057" /><testcase classname="backend.tests.test_iteration3.TestDataQuery" name="test_data_query_returns_answer" time="3.796" /><testcase classname="backend.tests.test_iteration3.TestAnomalies" name="test_anomalies_shape" time="0.055" /><testcase classname="backend.tests.test_iteration3.TestPredictStockout" name="test_predict_stockout_shape" time="0.050" /><testcase classname="backend.tests.test_iteration3.TestMigrationSources" name="test_sources_returns_8" time="0.053" /><testcase classname="backend.tests.test_iteration3.TestMigrationUploadFlow" name="test_upload_csv_then_import" time="0.381" /><testcase classname="backend.tests.test_iteration3.TestMigrationUploadFlow" name="test_import_unknown_id_returns_404" time="0.053" /></testsuite></testsuites>