<?xml version="1.0" encoding="utf-8"?><testsuites name="pytest tests"><testsuite name="pytest" errors="0" failures="0" skipped="0" tests="23" time="16.478" timestamp="2026-04-29T06:03:38.358003+00:00" hostname="agent-env-1893aba9-cb00-4889-849c-62f5d3bac6bb"><testcase classname="backend.tests.backend_test.TestAuth" name="test_root" time="0.257" /><testcase classname="backend.tests.backend_test.TestAuth" name="test_login_success" time="0.280" /><testcase classname="backend.tests.backend_test.TestAuth" name="test_login_invalid" time="0.310" /><testcase classname="backend.tests.backend_test.TestAuth" name="test_me_with_token" time="0.313" /><testcase classname="backend.tests.backend_test.TestAuth" name="test_me_without_token" time="0.043" /><testcase classname="backend.tests.backend_test.TestDashboard" name="test_dashboard_payload" time="0.048" /><testcase classname="backend.tests.backend_test.TestInventory" name="test_list_products" time="0.049" /><testcase classname="backend.tests.backend_test.TestInventory" name="test_warehouses" time="0.047" /><testcase classname="backend.tests.backend_test.TestInventory" name="test_suppliers" time="0.049" /><testcase classname="backend.tests.backend_test.TestInventory" name="test_alerts" time="0.046" /><testcase classname="backend.tests.backend_test.TestInventory" name="test_create_product_persist_and_stock_moves" time="0.430" /><testcase classname="backend.tests.backend_test.TestInventory" name="test_purchase_orders_flow" time="0.231" /><testcase classname="backend.tests.backend_test.TestFinance" name="test_list_invoices" time="0.058" /><testcase classname="backend.tests.backend_test.TestFinance" name="test_create_invoice_and_mark_paid_and_remind" time="0.227" /><testcase classname="backend.tests.backend_test.TestFinance" name="test_expenses" time="0.137" /><testcase classname="backend.tests.backend_test.TestFinance" name="test_receivables" time="0.047" /><testcase classname="backend.tests.backend_test.TestFinance" name="test_payables" time="0.049" /><testcase classname="backend.tests.backend_test.TestFinance" name="test_banking" time="0.047" /><testcase classname="backend.tests.backend_test.TestFinance" name="test_gst" time="0.050" /><testcase classname="backend.tests.backend_test.TestFinance" name="test_budgets" time="0.046" /><testcase classname="backend.tests.backend_test.TestMisc" name="test_ai_insights_returns_string" time="13.224" /><testcase classname="backend.tests.backend_test.TestMisc" name="test_approvals_decision" time="0.160" /><testcase classname="backend.tests.backend_test.TestMisc" name="test_notifications" time="0.048" /></testsuite></testsuites>